<?xml version="1.0" encoding="UTF-8"?>
<testng-results skipped="0" failed="0" total="5" passed="5">
  <reporter-output>
  </reporter-output>
  <suite name="Tatoc" duration-ms="4311" started-at="2018-06-18T15:34:20Z" finished-at="2018-06-18T15:34:24Z">
    <groups>
    </groups>
    <test name="Command line test" duration-ms="4311" started-at="2018-06-18T15:34:20Z" finished-at="2018-06-18T15:34:24Z">
      <class name="Tatoc">
        <test-method status="PASS" signature="greenBox()[pri:0, instance:Tatoc@757acd7b]" name="greenBox" duration-ms="374" started-at="2018-06-18T21:04:20Z" finished-at="2018-06-18T21:04:20Z">
          <reporter-output>
          </reporter-output>
        </test-method> <!-- greenBox -->
        <test-method status="PASS" signature="frameDungeon()[pri:0, instance:Tatoc@757acd7b]" name="frameDungeon" duration-ms="1331" started-at="2018-06-18T21:04:20Z" depends-on-methods="Tatoc.greenBox" finished-at="2018-06-18T21:04:22Z">
          <reporter-output>
          </reporter-output>
        </test-method> <!-- frameDungeon -->
        <test-method status="PASS" signature="drag()[pri:0, instance:Tatoc@757acd7b]" name="drag" duration-ms="528" started-at="2018-06-18T21:04:22Z" depends-on-methods="Tatoc.frameDungeon" finished-at="2018-06-18T21:04:22Z">
          <reporter-output>
          </reporter-output>
        </test-method> <!-- drag -->
        <test-method status="PASS" signature="popup()[pri:0, instance:Tatoc@757acd7b]" name="popup" duration-ms="1749" started-at="2018-06-18T21:04:22Z" depends-on-methods="Tatoc.drag" finished-at="2018-06-18T21:04:24Z">
          <reporter-output>
          </reporter-output>
        </test-method> <!-- popup -->
        <test-method status="PASS" signature="cookie()[pri:0, instance:Tatoc@757acd7b]" name="cookie" duration-ms="308" started-at="2018-06-18T21:04:24Z" depends-on-methods="Tatoc.popup" finished-at="2018-06-18T21:04:24Z">
          <reporter-output>
          </reporter-output>
        </test-method> <!-- cookie -->
      </class> <!-- Tatoc -->
    </test> <!-- Command line test -->
  </suite> <!-- Tatoc -->
</testng-results>
